{"numFailedTestSuites":1,"numFailedTests":1,"numPassedTestSuites":0,"numPassedTests":1,"numPendingTestSuites":0,"numPendingTests":0,"numRuntimeErrorTestSuites":0,"numTodoTests":0,"numTotalTestSuites":1,"numTotalTests":2,"openHandles":[],"snapshot":{"added":0,"didUpdate":false,"failure":false,"filesAdded":0,"filesRemoved":0,"filesRemovedList":[],"filesUnmatched":0,"filesUpdated":0,"matched":0,"total":0,"unchecked":0,"uncheckedKeysByFile":[],"unmatched":0,"updated":0},"startTime":1681452180020,"success":false,"testResults":[{"leaks":false,"numFailingTests":1,"numPassingTests":1,"numPendingTests":0,"numTodoTests":0,"openHandles":[],"perfStats":{"end":1681452184441,"runtime":3420,"slow":false,"start":1681452181021},"skipped":false,"snapshot":{"added":0,"fileDeleted":false,"matched":0,"unchecked":0,"uncheckedKeys":[],"unmatched":0,"updated":0},"testFilePath":"C:\\Users\\CawT\\Desktop\\playwright_testing\\tests\\mathutil\\mathUtil.test.ts","testResults":[{"ancestorTitles":["mathUtil","add"],"duration":5,"failureDetails":[{"matcherResult":{"actual":5,"expected":4,"message":"\u001b[2mexpect(\u001b[22m\u001b[31mreceived\u001b[39m\u001b[2m).\u001b[22mtoBe\u001b[2m(\u001b[22m\u001b[32mexpected\u001b[39m\u001b[2m) // Object.is equality\u001b[22m\n\nExpected: \u001b[32m4\u001b[39m\nReceived: \u001b[31m5\u001b[39m","name":"toBe","pass":false}}],"failureMessages":["Error: \u001b[2mexpect(\u001b[22m\u001b[31mreceived\u001b[39m\u001b[2m).\u001b[22mtoBe\u001b[2m(\u001b[22m\u001b[32mexpected\u001b[39m\u001b[2m) // Object.is equality\u001b[22m\n\nExpected: \u001b[32m4\u001b[39m\nReceived: \u001b[31m5\u001b[39m\n    at Object.<anonymous> (C:\\Users\\CawT\\Desktop\\playwright_testing\\tests\\mathutil\\mathUtil.test.ts:12:25)\n    at Promise.then.completed (C:\\Users\\CawT\\Desktop\\playwright_testing\\node_modules\\jest-circus\\build\\utils.js:391:28)\n    at new Promise (<anonymous>)\n    at callAsyncCircusFn (C:\\Users\\CawT\\Desktop\\playwright_testing\\node_modules\\jest-circus\\build\\utils.js:316:10)\n    at _callCircusTest (C:\\Users\\CawT\\Desktop\\playwright_testing\\node_modules\\jest-circus\\build\\run.js:218:40)\n    at processTicksAndRejections (node:internal/process/task_queues:95:5)\n    at _runTest (C:\\Users\\CawT\\Desktop\\playwright_testing\\node_modules\\jest-circus\\build\\run.js:155:3)\n    at _runTestsForDescribeBlock (C:\\Users\\CawT\\Desktop\\playwright_testing\\node_modules\\jest-circus\\build\\run.js:66:9)\n    at _runTestsForDescribeBlock (C:\\Users\\CawT\\Desktop\\playwright_testing\\node_modules\\jest-circus\\build\\run.js:60:9)\n    at _runTestsForDescribeBlock (C:\\Users\\CawT\\Desktop\\playwright_testing\\node_modules\\jest-circus\\build\\run.js:60:9)\n    at run (C:\\Users\\CawT\\Desktop\\playwright_testing\\node_modules\\jest-circus\\build\\run.js:25:3)\n    at runAndTransformResultsToJestFormat (C:\\Users\\CawT\\Desktop\\playwright_testing\\node_modules\\jest-circus\\build\\legacy-code-todo-rewrite\\jestAdapterInit.js:170:21)\n    at jestAdapter (C:\\Users\\CawT\\Desktop\\playwright_testing\\node_modules\\jest-circus\\build\\legacy-code-todo-rewrite\\jestAdapter.js:82:19)\n    at runTestInternal (C:\\Users\\CawT\\Desktop\\playwright_testing\\node_modules\\@jest\\core\\node_modules\\jest-runner\\build\\runTest.js:380:16)\n    at runTest (C:\\Users\\CawT\\Desktop\\playwright_testing\\node_modules\\@jest\\core\\node_modules\\jest-runner\\build\\runTest.js:472:34)"],"fullName":"mathUtil add should add two numbers","invocations":1,"location":null,"numPassingAsserts":0,"status":"failed","title":"should add two numbers"},{"ancestorTitles":["mathUtil","multiply"],"duration":1,"failureDetails":[],"failureMessages":[],"fullName":"mathUtil multiply should multiply two numbers","invocations":1,"location":null,"numPassingAsserts":0,"status":"passed","title":"should multiply two numbers"}],"failureMessage":"\u001b[1m\u001b[31m  \u001b[1m● \u001b[22m\u001b[1mmathUtil › add › should add two numbers\u001b[39m\u001b[22m\n\n    \u001b[2mexpect(\u001b[22m\u001b[31mreceived\u001b[39m\u001b[2m).\u001b[22mtoBe\u001b[2m(\u001b[22m\u001b[32mexpected\u001b[39m\u001b[2m) // Object.is equality\u001b[22m\n\n    Expected: \u001b[32m4\u001b[39m\n    Received: \u001b[31m5\u001b[39m\n\u001b[2m\u001b[22m\n\u001b[2m    \u001b[0m \u001b[90m 10 |\u001b[39m   describe(\u001b[32m'add'\u001b[39m\u001b[33m,\u001b[39m () \u001b[33m=>\u001b[39m {\u001b[0m\u001b[22m\n\u001b[2m    \u001b[0m \u001b[90m 11 |\u001b[39m     it(\u001b[32m'should add two numbers'\u001b[39m\u001b[33m,\u001b[39m () \u001b[33m=>\u001b[39m {\u001b[0m\u001b[22m\n\u001b[2m    \u001b[0m\u001b[31m\u001b[1m>\u001b[22m\u001b[2m\u001b[39m\u001b[90m 12 |\u001b[39m       expect(add(\u001b[35m2\u001b[39m\u001b[33m,\u001b[39m \u001b[35m3\u001b[39m))\u001b[33m.\u001b[39mtoBe(\u001b[35m4\u001b[39m)\u001b[33m;\u001b[39m    \u001b[0m\u001b[22m\n\u001b[2m    \u001b[0m \u001b[90m    |\u001b[39m                         \u001b[31m\u001b[1m^\u001b[22m\u001b[2m\u001b[39m\u001b[0m\u001b[22m\n\u001b[2m    \u001b[0m \u001b[90m 13 |\u001b[39m     })\u001b[33m;\u001b[39m\u001b[0m\u001b[22m\n\u001b[2m    \u001b[0m \u001b[90m 14 |\u001b[39m   })\u001b[33m;\u001b[39m\u001b[0m\u001b[22m\n\u001b[2m    \u001b[0m \u001b[90m 15 |\u001b[39m\u001b[0m\u001b[22m\n\u001b[2m\u001b[22m\n\u001b[2m      \u001b[2mat Object.<anonymous> (\u001b[22m\u001b[2m\u001b[0m\u001b[36mtests/mathutil/mathUtil.test.ts\u001b[39m\u001b[0m\u001b[2m:12:25)\u001b[22m\u001b[2m\u001b[22m\n"}],"wasInterrupted":false}